<?xml version="1.0" encoding="UTF-8"?>
<!-- Generated by org.testng.reporters.JUnitXMLReporter -->
<testsuite hostname="VIJDA01-7470" ignored="0" name="Test" tests="5" failures="0" timestamp="01 Sep 2019 05:06:31 GMT" time="7.416" errors="0">
  <testcase name="l" time="3.53" classname="Gen.cool.mypage"/>
  <testcase name="launch" time="3.835" classname="Gen.cool.mypage"/>
  <testcase name="z" time="0.003" classname="Gen.cool.mypage"/>
  <testcase name="xx" time="0.001" classname="Gen.cool.mypage"/>
  <testcase name="ca" time="0.001" classname="Gen.cool.dataprovider"/>
</testsuite> <!-- Test -->
